#
# There is insufficient memory for the Java Runtime Environment to continue.
# Native memory allocation (mmap) failed to map 67108864 bytes for Failed to commit area from 0x00000000c1600000 to 0x00000000c5600000 of length 67108864.
# Possible reasons:
#   The system is out of physical RAM or swap space
#   The process is running with CompressedOops enabled, and the Java Heap may be blocking the growth of the native heap
# Possible solutions:
#   Reduce memory load on the system
#   Increase physical memory or swap space
#   Check if swap backing store is full
#   Decrease Java heap size (-Xmx/-Xms)
#   Decrease number of Java threads
#   Decrease Java thread stack sizes (-Xss)
#   Set larger code cache with -XX:ReservedCodeCacheSize=
# This output file may be truncated or incomplete.
#
#  Out of Memory Error (./open/src/hotspot/os/windows/os_windows.cpp:3273), pid=2984, tid=9560
#
# JRE version:  (11.0.10+8) (build )
# Java VM: Java HotSpot(TM) 64-Bit Server VM (11.0.10+8-LTS-162, mixed mode, sharing, tiered, compressed oops, g1 gc, windows-amd64)
# No core dump will be written. Minidumps are not enabled by default on client versions of Windows
#

---------------  S U M M A R Y ------------

Command Line: -Dfile.encoding=Cp1252 Principal

Host: Intel(R) Core(TM) i3-7020U CPU @ 2.30GHz, 4 cores, 3G,  Windows 10 , 64 bit Build 19041 (10.0.19041.928)
Time: Thu May  6 21:23:11 2021 Hora oficial do Brasil elapsed time: 0.151213 seconds (0d 0h 0m 0s)

---------------  T H R E A D  ---------------

Current thread (0x0000021dd7112800):  JavaThread "Unknown thread" [_thread_in_vm, id=9560, stack(0x00000027d7a00000,0x00000027d7b00000)]

Stack: [0x00000027d7a00000,0x00000027d7b00000]
Native frames: (J=compiled Java code, j=interpreted, Vv=VM code, C=native code)
V  [jvm.dll+0x613e6a]
V  [jvm.dll+0x74c1ff]
V  [jvm.dll+0x74d885]
V  [jvm.dll+0x74df03]
V  [jvm.dll+0x243b78]
V  [jvm.dll+0x61125a]
V  [jvm.dll+0x606165]
V  [jvm.dll+0x2f85fc]
V  [jvm.dll+0x2f8482]
V  [jvm.dll+0x2fd136]
V  [jvm.dll+0x33f6bf]
V  [jvm.dll+0x33f0f0]
V  [jvm.dll+0x2d5d08]
V  [jvm.dll+0x2d6e66]
V  [jvm.dll+0x727d17]
V  [jvm.dll+0x7295bf]
V  [jvm.dll+0x34c4a9]
V  [jvm.dll+0x70d6b0]
V  [jvm.dll+0x3b584f]
V  [jvm.dll+0x3b7951]
C  [jli.dll+0x520b]
C  [ucrtbase.dll+0x21bb2]
C  [KERNEL32.DLL+0x17034]
C  [ntdll.dll+0x52651]


---------------  P R O C E S S  ---------------

Threads class SMR info:
_java_thread_list=0x0000021dd5740780, length=0, elements={
}

Java Threads: ( => current thread )

Other Threads:
  0x0000021dd7128800 GCTaskThread "GC Thread#0" [stack: 0x00000027d7b00000,0x00000027d7c00000] [id=2408]
  0x0000021dd7144800 ConcurrentGCThread "G1 Main Marker" [stack: 0x00000027d7c00000,0x00000027d7d00000] [id=10392]
  0x0000021dd7147000 ConcurrentGCThread "G1 Conc#0" [stack: 0x00000027d7d00000,0x00000027d7e00000] [id=4324]

[error occurred during error reporting (printing all threads), id 0xc0000005, EXCEPTION_ACCESS_VIOLATION (0xc0000005) at pc=0x00007fffc3864f57]

VM state:not at safepoint (not fully initialized)

VM Mutex/Monitor currently owned by a thread:  ([mutex/lock_event])
[0x0000021dd7110670] Heap_lock - owner thread: 0x0000021dd7112800

Heap address: 0x00000000c1600000, size: 1002 MB, Compressed Oops mode: Non-zero based: 0x00000000c1600000
Narrow klass base: 0x0000000000000000, Narrow klass shift: 0

GC Heap History (0 events):
No events

Deoptimization events (0 events):
No events

Classes redefined (0 events):
No events

Internal exceptions (0 events):
No events

Events (0 events):
No events


Dynamic libraries:
0x00007ff7b5fe0000 - 0x00007ff7b5fef000 	C:\Program Files\Java\jdk-11.0.10\bin\javaw.exe
0x00007ff805590000 - 0x00007ff805785000 	C:\WINDOWS\SYSTEM32\ntdll.dll
0x00007ff804890000 - 0x00007ff80494d000 	C:\WINDOWS\System32\KERNEL32.DLL
0x00007ff802d70000 - 0x00007ff803038000 	C:\WINDOWS\System32\KERNELBASE.dll
0x00007ff803440000 - 0x00007ff803540000 	C:\WINDOWS\System32\ucrtbase.dll
0x00007fffdf1c0000 - 0x00007fffdf1d5000 	C:\Program Files\Java\jdk-11.0.10\bin\VCRUNTIME140.dll
0x00007fffe0f10000 - 0x00007fffe0f28000 	C:\Program Files\Java\jdk-11.0.10\bin\jli.dll
0x00007ff8035f0000 - 0x00007ff80369c000 	C:\WINDOWS\System32\ADVAPI32.dll
0x00007ff803bd0000 - 0x00007ff803c6e000 	C:\WINDOWS\System32\msvcrt.dll
0x00007ff803ea0000 - 0x00007ff803f3b000 	C:\WINDOWS\System32\sechost.dll
0x00007ff805020000 - 0x00007ff80514b000 	C:\WINDOWS\System32\RPCRT4.dll
0x00007ff803fa0000 - 0x00007ff804140000 	C:\WINDOWS\System32\USER32.dll
0x00007ff803540000 - 0x00007ff803562000 	C:\WINDOWS\System32\win32u.dll
0x00007ff803c70000 - 0x00007ff803c9a000 	C:\WINDOWS\System32\GDI32.dll
0x00007ff803150000 - 0x00007ff80325b000 	C:\WINDOWS\System32\gdi32full.dll
0x00007ff802cd0000 - 0x00007ff802d6d000 	C:\WINDOWS\System32\msvcp_win.dll
0x00007ffff6e70000 - 0x00007ffff710a000 	C:\WINDOWS\WinSxS\amd64_microsoft.windows.common-controls_6595b64144ccf1df_6.0.19041.844_none_ca00b6081b84eb1d\COMCTL32.dll
0x00007ffff7670000 - 0x00007ffff767a000 	C:\WINDOWS\SYSTEM32\VERSION.dll
0x00007ff804a00000 - 0x00007ff804a30000 	C:\WINDOWS\System32\IMM32.DLL
0x00007fffcd250000 - 0x00007fffcd2eb000 	C:\Program Files\Java\jdk-11.0.10\bin\msvcp140.dll
0x00007fffc3580000 - 0x00007fffc407b000 	C:\Program Files\Java\jdk-11.0.10\bin\server\jvm.dll
0x00007ff8037d0000 - 0x00007ff8037d8000 	C:\WINDOWS\System32\PSAPI.DLL
0x00007ffffb090000 - 0x00007ffffb099000 	C:\WINDOWS\SYSTEM32\WSOCK32.dll
0x00007ffffa080000 - 0x00007ffffa0a7000 	C:\WINDOWS\SYSTEM32\WINMM.dll
0x00007ff804eb0000 - 0x00007ff804f1b000 	C:\WINDOWS\System32\WS2_32.dll
0x00007ff8015a0000 - 0x00007ff8015b2000 	C:\WINDOWS\SYSTEM32\kernel.appcore.dll
0x00007fffef150000 - 0x00007fffef160000 	C:\Program Files\Java\jdk-11.0.10\bin\verify.dll
0x00007ff800b10000 - 0x00007ff800cf4000 	C:\WINDOWS\SYSTEM32\DBGHELP.DLL
0x00007fffe77d0000 - 0x00007fffe77fc000 	C:\WINDOWS\SYSTEM32\dbgcore.DLL
0x00007ff8033c0000 - 0x00007ff803440000 	C:\WINDOWS\System32\bcryptPrimitives.dll
0x00007fffdd850000 - 0x00007fffdd878000 	C:\Program Files\Java\jdk-11.0.10\bin\java.dll
0x00007fffee170000 - 0x00007fffee17a000 	C:\Program Files\Java\jdk-11.0.10\bin\jimage.dll
0x00007fffde7d0000 - 0x00007fffde7e6000 	C:\Program Files\Java\jdk-11.0.10\bin\zip.dll

dbghelp: loaded successfully - version: 4.0.5 - missing functions: none
symbol engine: initialized successfully - sym options: 0x614 - pdb path: .;C:\Program Files\Java\jdk-11.0.10\bin;C:\WINDOWS\SYSTEM32;C:\WINDOWS\WinSxS\amd64_microsoft.windows.common-controls_6595b64144ccf1df_6.0.19041.844_none_ca00b6081b84eb1d;C:\Program Files\Java\jdk-11.0.10\bin\server

VM Arguments:
jvm_args: -Dfile.encoding=Cp1252 
java_command: Principal
java_class_path (initial): C:\Users\Laís de Medeiros\Desktop\Airbnb\Airbnb2\bin
Launcher Type: SUN_STANDARD

[Global flags]
     intx CICompilerCount                          = 3                                         {product} {ergonomic}
     uint ConcGCThreads                            = 1                                         {product} {ergonomic}
     uint G1ConcRefinementThreads                  = 4                                         {product} {ergonomic}
   size_t G1HeapRegionSize                         = 1048576                                   {product} {ergonomic}
    uintx GCDrainStackTargetSize                   = 64                                        {product} {ergonomic}
   size_t InitialHeapSize                          = 67108864                                  {product} {ergonomic}
   size_t MarkStackSize                            = 4194304                                   {product} {ergonomic}
   size_t MaxHeapSize                              = 1050673152                                {product} {ergonomic}
   size_t MinHeapDeltaBytes                        = 1048576                                   {product} {ergonomic}
    uintx NonNMethodCodeHeapSize                   = 5830732                                {pd product} {ergonomic}
    uintx NonProfiledCodeHeapSize                  = 122913754                              {pd product} {ergonomic}
    uintx ProfiledCodeHeapSize                     = 122913754                              {pd product} {ergonomic}
    uintx ReservedCodeCacheSize                    = 251658240                              {pd product} {ergonomic}
     bool SegmentedCodeCache                       = true                                      {product} {ergonomic}
     bool UseCompressedClassPointers               = true                                 {lp64_product} {ergonomic}
     bool UseCompressedOops                        = true                                 {lp64_product} {ergonomic}
     bool UseG1GC                                  = true                                      {product} {ergonomic}
     bool UseLargePagesIndividualAllocation        = false                                  {pd product} {ergonomic}

Logging:
Log output configuration:
 #0: stdout all=warning uptime,level,tags
 #1: stderr all=off uptime,level,tags

Environment Variables:
JAVA_HOME=C:\Program Files\Java\jdk-11.0.10
PATH=C:\Program Files\Common Files\Oracle\Java\javapath;C:\Program Files (x86)\Common Files\Oracle\Java\javapath;C:\Program Files (x86)\Intel\Intel(R) Management Engine Components\iCLS\;C:\Program Files\Intel\Intel(R) Management Engine Components\iCLS\;C:\WINDOWS\system32;C:\WINDOWS;C:\WINDOWS\System32\Wbem;C:\WINDOWS\System32\WindowsPowerShell\v1.0\;C:\WINDOWS\System32\OpenSSH\;C:\Program Files (x86)\Intel\Intel(R) Management Engine Components\DAL;C:\Program Files\Intel\Intel(R) Management Engine Components\DAL;C:\Program Files\nodejs\;C:\Program Files\Git\cmd;C:\Program Files\Java\jdk-11.0.10\bin;C:\Program Files\Java\jdk-11.0.10;C:\Users\Laís de Medeiros\AppData\Local\Microsoft\WindowsApps;C:\Users\Laís de Medeiros\AppData\Local\Programs\Microsoft VS Code\bin;C:\Users\Laís de Medeiros\AppData\Roaming\npm;
USERNAME=Laís de Medeiros
OS=Windows_NT
PROCESSOR_IDENTIFIER=Intel64 Family 6 Model 142 Stepping 10, GenuineIntel



---------------  S Y S T E M  ---------------

OS: Windows 10 , 64 bit Build 19041 (10.0.19041.928)

CPU:total 4 (initial active 4) (2 cores per cpu, 2 threads per core) family 6 model 142 stepping 10 microcode 0xe0, cmov, cx8, fxsr, mmx, sse, sse2, sse3, ssse3, sse4.1, sse4.2, popcnt, avx, avx2, aes, clmul, erms, 3dnowpref, lzcnt, ht, tsc, tscinvbit, bmi1, bmi2, adx, fma

Memory: 4k page, system-wide physical 4007M (278M free)
TotalPageFile size 16295M (AvailPageFile size 7M)
current process WorkingSet (physical memory assigned to process): 9M, peak: 9M
current process commit charge ("private bytes"): 51M, peak: 115M

vm_info: Java HotSpot(TM) 64-Bit Server VM (11.0.10+8-LTS-162) for windows-amd64 JRE (11.0.10+8-LTS-162), built on Dec  8 2020 16:32:57 by "mach5one" with MS VC++ 15.9 (VS2017)

END.
